#
# A fatal error has been detected by the Java Runtime Environment:
#
#  SIGSEGV (0xb) at pc=0x00007fff8b20f4dd, pid=166, tid=0x0000000000000a0b
#
# JRE version: Java(TM) SE Runtime Environment (8.0_102-b14) (build 1.8.0_102-b14)
# Java VM: Java HotSpot(TM) 64-Bit Server VM (25.102-b14 mixed mode bsd-amd64 compressed oops)
# Problematic frame:
# C  [libobjc.A.dylib+0x14dd]  objc_msgSend+0x1d
#
# Failed to write core dump. Core dumps have been disabled. To enable core dumping, try "ulimit -c unlimited" before starting Java again
#
# If you would like to submit a bug report, please visit:
#   http://bugreport.java.com/bugreport/crash.jsp
# The crash happened outside the Java Virtual Machine in native code.
# See problematic frame for where to report the bug.
#

---------------  T H R E A D  ---------------

Current thread (0x00007fb4b88b4800):  JavaThread "AppKit Thread" daemon [_thread_in_native, id=2571, stack(0x00007fff4f5c1000,0x00007fff4fdc1000)]

siginfo: si_signo: 11 (SIGSEGV), si_code: 1 (SEGV_MAPERR), si_addr: 0x0000000000000018

Registers:
RAX=0x0000000000000000, RBX=0x00007fb4b857dcd0, RCX=0x000000012ed81be0, RDX=0x000000012ed815e0
RSP=0x00007fff4fdba878, RBP=0x00007fff4fdba8a0, RSI=0x00007fff9519c7b2, RDI=0x00007fb4b840d670
R8 =0x00007fb4bc11d600, R9 =0xffffffffffffffff, R10=0x00007fff9519c7b2, R11=0x0000000000000000
R12=0x0000000000000094, R13=0x00007fb4b854fe60, R14=0x00007fb4b840d670, R15=0x0000000000000000
RIP=0x00007fff8b20f4dd, EFLAGS=0x0000000000010246, ERR=0x0000000000000004
  TRAPNO=0x000000000000000e

Top of Stack: (sp=0x00007fff4fdba878)
0x00007fff4fdba878:   000000013216d598 00007fb4b857dcd0
0x00007fff4fdba888:   00000001321a1c60 00007fb4b854fe60
0x00007fff4fdba898:   00007fb4b857dcd0 00007fff4fdbad80
0x00007fff4fdba8a8:   00007fff948b7797 0000000000000000
0x00007fff4fdba8b8:   0000000000000000 408e000000000000
0x00007fff4fdba8c8:   4080e00000000000 0000000000000000
0x00007fff4fdba8d8:   0000000000000000 408e000000000000
0x00007fff4fdba8e8:   4080e00000000000 0000000000000000
0x00007fff4fdba8f8:   0000000000000000 408e000000000000
0x00007fff4fdba908:   4081900000000000 401c000000000000
0x00007fff4fdba918:   4080f80000000000 0000000000000000
0x00007fff4fdba928:   000000000fe5a000 00007fff9515bd4e
0x00007fff4fdba938:   00007fff8dd90d00 404b000000000000
0x00007fff4fdba948:   00007fb4b857fbb0 0000000100000000
0x00007fff4fdba958:   0000000000000000 00007fb4b8550550
0x00007fff4fdba968:   00000000b8595520 00007fff4fdba9d8
0x00007fff4fdba978:   000000010fe5a000 00007fff4fdbaa30
0x00007fff4fdba988:   00007fff8dd93a24 0000000000000000
0x00007fff4fdba998:   00007fb4ba94efc0 0000000000001c00
0x00007fff4fdba9a8:   00007fb4b8595501 00007fff4fdbaa10
0x00007fff4fdba9b8:   00007fff8b215de4 0000000000000010
0x00007fff4fdba9c8:   00007fb4b85fc080 ffff804b00000003
0x00007fff4fdba9d8:   0000000000000030 000000010fe5ee00
0x00007fff4fdba9e8:   0000000000000002 00007fb4b85954d0
0x00007fff4fdba9f8:   0000000000000002 0000000000000954
0x00007fff4fdbaa08:   000000010fe5a000 00007fff4fdbaab0
0x00007fff4fdbaa18:   00007fff8dd90dcc 000000010fe5ee00
0x00007fff4fdbaa28:   0000000000000004 00007fb4bf228030
0x00007fff4fdbaa38:   0000000000000002 0000000000000280
0x00007fff4fdbaa48:   000000010fe5a000 00007fff4fdbaaf0
0x00007fff4fdbaa58:   00007fff8dd90dcc 0000000000000050
0x00007fff4fdbaa68:   00007fb4b85954d0 0000000000000281 

Instructions: (pc=0x00007fff8b20f4dd)
0x00007fff8b20f4bd:   44 00 00 48 85 ff 2e 74 62 40 f6 c7 01 2e 75 66
0x00007fff8b20f4cd:   49 bb f8 ff ff ff ff 7f 00 00 4c 23 1f 49 89 f2
0x00007fff8b20f4dd:   45 23 53 18 49 c1 e2 04 4d 03 53 10 49 3b 32 75
0x00007fff8b20f4ed:   04 41 ff 62 08 49 83 3a 01 76 0d 49 83 c2 10 49 

Register to memory mapping:

RAX=0x0000000000000000 is an unknown value
RBX=0x00007fb4b857dcd0 is an unknown value
RCX=0x000000012ed81be0 is an unknown value
RDX=0x000000012ed815e0 is an unknown value
RSP=0x00007fff4fdba878 is pointing into the stack for thread: 0x00007fb4b88b4800
RBP=0x00007fff4fdba8a0 is pointing into the stack for thread: 0x00007fb4b88b4800
RSI=0x00007fff9519c7b2: -[NSTitlebarContainerView transparent]+0x62ff0 in /System/Library/Frameworks/AppKit.framework/Versions/C/AppKit at 0x00007fff9470f000
RDI=0x00007fb4b840d670 is an unknown value
R8 =0x00007fb4bc11d600 is an unknown value
R9 =0xffffffffffffffff is an unknown value
R10=0x00007fff9519c7b2: -[NSTitlebarContainerView transparent]+0x62ff0 in /System/Library/Frameworks/AppKit.framework/Versions/C/AppKit at 0x00007fff9470f000
R11=0x0000000000000000 is an unknown value
R12=0x0000000000000094 is an unknown value
R13=0x00007fb4b854fe60 is an unknown value
R14=0x00007fb4b840d670 is an unknown value
R15=0x0000000000000000 is an unknown value


Stack: [0x00007fff4f5c1000,0x00007fff4fdc1000],  sp=0x00007fff4fdba878,  free space=8166k
Native frames: (J=compiled Java code, j=interpreted, Vv=VM code, C=native code)
C  [libobjc.A.dylib+0x14dd]  objc_msgSend+0x1d
C  [AppKit+0x1a8797]  -[NSView _recursiveDisplayRectIfNeededIgnoringOpacity:isVisibleRect:rectIsVisibleRectForView:topView:]+0x6e2
C  [AppKit+0x1a9785]  -[NSView _recursiveDisplayRectIfNeededIgnoringOpacity:isVisibleRect:rectIsVisibleRectForView:topView:]+0x16d0
C  [AppKit+0x1a7be0]  -[NSThemeFrame _recursiveDisplayRectIfNeededIgnoringOpacity:isVisibleRect:rectIsVisibleRectForView:topView:]+0x14e
C  [AppKit+0x1a5feb]  -[NSView _displayRectIgnoringOpacity:isVisibleRect:rectIsVisibleRectForView:]+0x991
C  [AppKit+0x1a13f5]  -[NSView displayIfNeeded]+0x79e
C  [AppKit+0x1a0c3c]  -[NSWindow displayIfNeeded]+0xe8
C  [AppKit+0x82541b]  ___NSWindowGetDisplayCycleObserver_block_invoke6365+0x1dc
C  [AppKit+0x1a05d6]  __37+[NSDisplayCycle currentDisplayCycle]_block_invoke+0x3ad
C  [QuartzCore+0x10f71]  _ZN2CA11Transaction19run_commit_handlersE18CATransactionPhase+0x55
C  [QuartzCore+0x1042c]  _ZN2CA7Context18commit_transactionEPNS_11TransactionE+0xa0
C  [QuartzCore+0x100ec]  _ZN2CA11Transaction6commitEv+0x1fc
C  [QuartzCore+0x1b977]  _ZN2CA11Transaction17observer_callbackEP19__CFRunLoopObservermPv+0x47
C  [CoreFoundation+0xa9fc7]  __CFRUNLOOP_IS_CALLING_OUT_TO_AN_OBSERVER_CALLBACK_FUNCTION__+0x17
C  [CoreFoundation+0xa9f37]  __CFRunLoopDoObservers+0x187
C  [CoreFoundation+0x88e58]  CFRunLoopRunSpecific+0x148
C  [HIToolbox+0x30935]  RunCurrentEventLoopInMode+0xeb
C  [HIToolbox+0x30677]  ReceiveNextEventCommon+0xb8
C  [HIToolbox+0x305af]  _BlockUntilNextEventMatchingListInModeWithFilter+0x47
C  [AppKit+0x48df6]  _DPSNextEvent+0x42b
C  [AppKit+0x48226]  -[NSApplication _nextEventMatchingEventMask:untilDate:inMode:dequeue:]+0x1c6
C  [libosxapp.dylib+0x23aa]  -[NSApplicationAWT nextEventMatchingMask:untilDate:inMode:dequeue:]+0x7c
C  [AppKit+0x3cd80]  -[NSApplication run]+0x2aa
C  [libosxapp.dylib+0x214d]  +[NSApplicationAWT runAWTLoopWithApp:]+0x9c
C  [libawt_lwawt.dylib+0x444b3]  -[AWTStarter starter:]+0x389
C  [Foundation+0x76fde]  __NSThreadPerformPerform+0x117
C  [CoreFoundation+0xaa7e1]  __CFRUNLOOP_IS_CALLING_OUT_TO_A_SOURCE0_PERFORM_FUNCTION__+0x11
C  [CoreFoundation+0x89f1c]  __CFRunLoopDoSources0+0x22c
C  [CoreFoundation+0x8943f]  __CFRunLoopRun+0x39f
C  [CoreFoundation+0x88e38]  CFRunLoopRunSpecific+0x128
C  [java+0x6465]  CreateExecutionEnvironment+0x367
C  [java+0x218c]  JLI_Launch+0x7a0
C  [java+0x84c2]  main+0x65
C  [java+0x19e4]  start+0x34
C  0x0000000000000009


---------------  P R O C E S S  ---------------

Java Threads: ( => current thread )
  0x00007fb4b9265000 JavaThread "AsynchExecutor-Thread" daemon [_thread_blocked, id=72471, stack(0x0000700001c7a000,0x0000700001d7a000)]
  0x00007fb4b926b800 JavaThread "DestroyJavaVM" [_thread_blocked, id=5891, stack(0x000070000011a000,0x000070000021a000)]
  0x00007fb4bc88c800 JavaThread "LWJGL Application" [_thread_in_native, id=68611, stack(0x0000700001b77000,0x0000700001c77000)]
  0x00007fb4b88c7800 JavaThread "AWT-Shutdown" [_thread_blocked, id=32531, stack(0x0000700001762000,0x0000700001862000)]
=>0x00007fb4b88b4800 JavaThread "AppKit Thread" daemon [_thread_in_native, id=2571, stack(0x00007fff4f5c1000,0x00007fff4fdc1000)]
  0x00007fb4b908b000 JavaThread "Monitor Ctrl-Break" daemon [_thread_in_native, id=21763, stack(0x00007000014d6000,0x00007000015d6000)]
  0x00007fb4bc016000 JavaThread "Service Thread" daemon [_thread_blocked, id=20739, stack(0x00007000012d0000,0x00007000013d0000)]
  0x00007fb4b881a000 JavaThread "C1 CompilerThread3" daemon [_thread_blocked, id=20227, stack(0x00007000011cd000,0x00007000012cd000)]
  0x00007fb4b8812000 JavaThread "C2 CompilerThread2" daemon [_thread_blocked, id=19715, stack(0x00007000010ca000,0x00007000011ca000)]
  0x00007fb4bc00b000 JavaThread "C2 CompilerThread1" daemon [_thread_blocked, id=19203, stack(0x0000700000fc7000,0x00007000010c7000)]
  0x00007fb4b9803800 JavaThread "C2 CompilerThread0" daemon [_thread_blocked, id=18691, stack(0x0000700000ec4000,0x0000700000fc4000)]
  0x00007fb4bb801000 JavaThread "Signal Dispatcher" daemon [_thread_blocked, id=16655, stack(0x0000700000dc1000,0x0000700000ec1000)]
  0x00007fb4bc801000 JavaThread "Finalizer" daemon [_thread_blocked, id=14339, stack(0x0000700000c3b000,0x0000700000d3b000)]
  0x00007fb4bb00a800 JavaThread "Reference Handler" daemon [_thread_blocked, id=13827, stack(0x0000700000b38000,0x0000700000c38000)]

Other Threads:
  0x00007fb4bc800000 VMThread [stack: 0x0000700000a35000,0x0000700000b35000] [id=13315]
  0x00007fb4bb090000 WatcherThread [stack: 0x00007000013d3000,0x00007000014d3000] [id=21251]

VM state:not at safepoint (normal execution)

VM Mutex/Monitor currently owned by a thread: None

Heap:
 PSYoungGen      total 76288K, used 25676K [0x000000076ab00000, 0x0000000770000000, 0x00000007c0000000)
  eden space 65536K, 34% used [0x000000076ab00000,0x000000076c0d3f40,0x000000076eb00000)
  from space 10752K, 30% used [0x000000076f580000,0x000000076f8bf160,0x0000000770000000)
  to   space 10752K, 0% used [0x000000076eb00000,0x000000076eb00000,0x000000076f580000)
 ParOldGen       total 175104K, used 136K [0x00000006c0000000, 0x00000006cab00000, 0x000000076ab00000)
  object space 175104K, 0% used [0x00000006c0000000,0x00000006c0022020,0x00000006cab00000)
 Metaspace       used 15407K, capacity 15875K, committed 16128K, reserved 1062912K
  class space    used 1633K, capacity 1752K, committed 1792K, reserved 1048576K

Card table byte_map: [0x0000000121561000,0x0000000121d62000] byte_map_base: 0x000000011df61000

Marking Bits: (ParMarkBitMap*) 0x0000000111aefd20
 Begin Bits: [0x00000001222b8000, 0x00000001262b8000)
 End Bits:   [0x00000001262b8000, 0x000000012a2b8000)

Polling page: 0x0000000110102000

CodeCache: size=245760Kb used=6747Kb max_used=6758Kb free=239012Kb
 bounds [0x00000001121a1000, 0x0000000112841000, 0x00000001211a1000]
 total_blobs=2443 nmethods=1920 adapters=436
 compilation: enabled

Compilation events (10 events):
Event: 10.463 Thread 0x00007fb4b881a000 1916       3       java.nio.Bits::getInt (18 bytes)
Event: 10.464 Thread 0x00007fb4b881a000 nmethod 1916 0x0000000112838bd0 code [0x0000000112838de0, 0x0000000112839798]
Event: 10.700 Thread 0x00007fb4b881a000 1918       3       com.badlogic.gdx.graphics.g2d.BitmapFont$BitmapFontData::getGlyphs (189 bytes)
Event: 10.702 Thread 0x00007fb4b881a000 nmethod 1918 0x0000000112839ad0 code [0x0000000112839d00, 0x000000011283a738]
Event: 10.702 Thread 0x00007fb4b881a000 1919       3       com.badlogic.gdx.graphics.g2d.BitmapFontCache::requireGlyphs (198 bytes)
Event: 10.703 Thread 0x00007fb4b881a000 nmethod 1919 0x000000011283b110 code [0x000000011283b340, 0x000000011283bda8]
Event: 10.763 Thread 0x00007fb4b8812000 1920       4       com.badlogic.gdx.graphics.glutils.ShaderProgram::disableVertexAttribute (28 bytes)
Event: 10.770 Thread 0x00007fb4b8812000 nmethod 1920 0x000000011283f5d0 code [0x000000011283f780, 0x000000011283fd08]
Event: 10.941 Thread 0x00007fb4b9803800 1921       4       java.nio.DirectByteBuffer::put (18 bytes)
Event: 10.941 Thread 0x00007fb4b9803800 nmethod 1921 0x0000000112823b90 code [0x0000000112823ce0, 0x0000000112823d98]

GC Heap History (8 events):
Event: 2.412 GC heap before
{Heap before GC invocations=1 (full 0):
 PSYoungGen      total 76288K, used 65536K [0x000000076ab00000, 0x0000000770000000, 0x00000007c0000000)
  eden space 65536K, 100% used [0x000000076ab00000,0x000000076eb00000,0x000000076eb00000)
  from space 10752K, 0% used [0x000000076f580000,0x000000076f580000,0x0000000770000000)
  to   space 10752K, 0% used [0x000000076eb00000,0x000000076eb00000,0x000000076f580000)
 ParOldGen       total 175104K, used 0K [0x00000006c0000000, 0x00000006cab00000, 0x000000076ab00000)
  object space 175104K, 0% used [0x00000006c0000000,0x00000006c0000000,0x00000006cab00000)
 Metaspace       used 15065K, capacity 15525K, committed 15616K, reserved 1062912K
  class space    used 1617K, capacity 1737K, committed 1792K, reserved 1048576K
Event: 2.420 GC heap after
Heap after GC invocations=1 (full 0):
 PSYoungGen      total 76288K, used 9278K [0x000000076ab00000, 0x0000000770000000, 0x00000007c0000000)
  eden space 65536K, 0% used [0x000000076ab00000,0x000000076ab00000,0x000000076eb00000)
  from space 10752K, 86% used [0x000000076eb00000,0x000000076f40f8d8,0x000000076f580000)
  to   space 10752K, 0% used [0x000000076f580000,0x000000076f580000,0x0000000770000000)
 ParOldGen       total 175104K, used 80K [0x00000006c0000000, 0x00000006cab00000, 0x000000076ab00000)
  object space 175104K, 0% used [0x00000006c0000000,0x00000006c0014010,0x00000006cab00000)
 Metaspace       used 15065K, capacity 15525K, committed 15616K, reserved 1062912K
  class space    used 1617K, capacity 1737K, committed 1792K, reserved 1048576K
}
Event: 5.046 GC heap before
{Heap before GC invocations=2 (full 0):
 PSYoungGen      total 76288K, used 74814K [0x000000076ab00000, 0x0000000770000000, 0x00000007c0000000)
  eden space 65536K, 100% used [0x000000076ab00000,0x000000076eb00000,0x000000076eb00000)
  from space 10752K, 86% used [0x000000076eb00000,0x000000076f40f8d8,0x000000076f580000)
  to   space 10752K, 0% used [0x000000076f580000,0x000000076f580000,0x0000000770000000)
 ParOldGen       total 175104K, used 80K [0x00000006c0000000, 0x00000006cab00000, 0x000000076ab00000)
  object space 175104K, 0% used [0x00000006c0000000,0x00000006c0014010,0x00000006cab00000)
 Metaspace       used 15272K, capacity 15785K, committed 15872K, reserved 1062912K
  class space    used 1630K, capacity 1751K, committed 1792K, reserved 1048576K
Event: 5.049 GC heap after
Heap after GC invocations=2 (full 0):
 PSYoungGen      total 76288K, used 3420K [0x000000076ab00000, 0x0000000770000000, 0x00000007c0000000)
  eden space 65536K, 0% used [0x000000076ab00000,0x000000076ab00000,0x000000076eb00000)
  from space 10752K, 31% used [0x000000076f580000,0x000000076f8d7160,0x0000000770000000)
  to   space 10752K, 0% used [0x000000076eb00000,0x000000076eb00000,0x000000076f580000)
 ParOldGen       total 175104K, used 120K [0x00000006c0000000, 0x00000006cab00000, 0x000000076ab00000)
  object space 175104K, 0% used [0x00000006c0000000,0x00000006c001e020,0x00000006cab00000)
 Metaspace       used 15272K, capacity 15785K, committed 15872K, reserved 1062912K
  class space    used 1630K, capacity 1751K, committed 1792K, reserved 1048576K
}
Event: 7.528 GC heap before
{Heap before GC invocations=3 (full 0):
 PSYoungGen      total 76288K, used 68956K [0x000000076ab00000, 0x0000000770000000, 0x00000007c0000000)
  eden space 65536K, 100% used [0x000000076ab00000,0x000000076eb00000,0x000000076eb00000)
  from space 10752K, 31% used [0x000000076f580000,0x000000076f8d7160,0x0000000770000000)
  to   space 10752K, 0% used [0x000000076eb00000,0x000000076eb00000,0x000000076f580000)
 ParOldGen       total 175104K, used 120K [0x00000006c0000000, 0x00000006cab00000, 0x000000076ab00000)
  object space 175104K, 0% used [0x00000006c0000000,0x00000006c001e020,0x00000006cab00000)
 Metaspace       used 15349K, capacity 15861K, committed 16128K, reserved 1062912K
  class space    used 1630K, capacity 1751K, committed 1792K, reserved 1048576K
Event: 7.531 GC heap after
Heap after GC invocations=3 (full 0):
 PSYoungGen      total 76288K, used 3324K [0x000000076ab00000, 0x0000000770000000, 0x00000007c0000000)
  eden space 65536K, 0% used [0x000000076ab00000,0x000000076ab00000,0x000000076eb00000)
  from space 10752K, 30% used [0x000000076eb00000,0x000000076ee3f160,0x000000076f580000)
  to   space 10752K, 0% used [0x000000076f580000,0x000000076f580000,0x0000000770000000)
 ParOldGen       total 175104K, used 128K [0x00000006c0000000, 0x00000006cab00000, 0x000000076ab00000)
  object space 175104K, 0% used [0x00000006c0000000,0x00000006c0020020,0x00000006cab00000)
 Metaspace       used 15349K, capacity 15861K, committed 16128K, reserved 1062912K
  class space    used 1630K, capacity 1751K, committed 1792K, reserved 1048576K
}
Event: 9.995 GC heap before
{Heap before GC invocations=4 (full 0):
 PSYoungGen      total 76288K, used 68860K [0x000000076ab00000, 0x0000000770000000, 0x00000007c0000000)
  eden space 65536K, 100% used [0x000000076ab00000,0x000000076eb00000,0x000000076eb00000)
  from space 10752K, 30% used [0x000000076eb00000,0x000000076ee3f160,0x000000076f580000)
  to   space 10752K, 0% used [0x000000076f580000,0x000000076f580000,0x0000000770000000)
 ParOldGen       total 175104K, used 128K [0x00000006c0000000, 0x00000006cab00000, 0x000000076ab00000)
  object space 175104K, 0% used [0x00000006c0000000,0x00000006c0020020,0x00000006cab00000)
 Metaspace       used 15396K, capacity 15875K, committed 16128K, reserved 1062912K
  class space    used 1632K, capacity 1752K, committed 1792K, reserved 1048576K
Event: 9.999 GC heap after
Heap after GC invocations=4 (full 0):
 PSYoungGen      total 76288K, used 3324K [0x000000076ab00000, 0x0000000770000000, 0x00000007c0000000)
  eden space 65536K, 0% used [0x000000076ab00000,0x000000076ab00000,0x000000076eb00000)
  from space 10752K, 30% used [0x000000076f580000,0x000000076f8bf160,0x0000000770000000)
  to   space 10752K, 0% used [0x000000076eb00000,0x000000076eb00000,0x000000076f580000)
 ParOldGen       total 175104K, used 136K [0x00000006c0000000, 0x00000006cab00000, 0x000000076ab00000)
  object space 175104K, 0% used [0x00000006c0000000,0x00000006c0022020,0x00000006cab00000)
 Metaspace       used 15396K, capacity 15875K, committed 16128K, reserved 1062912K
  class space    used 1632K, capacity 1752K, committed 1792K, reserved 1048576K
}

Deoptimization events (10 events):
Event: 5.029 Thread 0x00007fb4bc88c800 Uncommon trap: reason=class_check action=maybe_recompile pc=0x00000001125e3ef0 method=java.util.stream.ReferencePipeline.forEachWithCancel(Ljava/util/Spliterator;Ljava/util/stream/Sink;)V @ 1
Event: 5.029 Thread 0x00007fb4bc88c800 Uncommon trap: reason=class_check action=maybe_recompile pc=0x00000001125adbd8 method=java.util.ArrayList$ArrayListSpliterator.tryAdvance(Ljava/util/function/Consumer;)Z @ 48
Event: 5.029 Thread 0x00007fb4bc88c800 Uncommon trap: reason=class_check action=maybe_recompile pc=0x00000001125adbd8 method=java.util.ArrayList$ArrayListSpliterator.tryAdvance(Ljava/util/function/Consumer;)Z @ 48
Event: 5.296 Thread 0x00007fb4bc88c800 Uncommon trap: reason=class_check action=maybe_recompile pc=0x00000001125fbc44 method=java.util.stream.AbstractPipeline.copyIntoWithCancel(Ljava/util/stream/Sink;Ljava/util/Spliterator;)V @ 24
Event: 5.296 Thread 0x00007fb4bc88c800 Uncommon trap: reason=class_check action=maybe_recompile pc=0x00000001125e3ef0 method=java.util.stream.ReferencePipeline.forEachWithCancel(Ljava/util/Spliterator;Ljava/util/stream/Sink;)V @ 1
Event: 5.296 Thread 0x00007fb4bc88c800 Uncommon trap: reason=class_check action=maybe_recompile pc=0x00000001125adbd8 method=java.util.ArrayList$ArrayListSpliterator.tryAdvance(Ljava/util/function/Consumer;)Z @ 48
Event: 5.527 Thread 0x00007fb4bc88c800 Uncommon trap: reason=class_check action=maybe_recompile pc=0x00000001125fbc44 method=java.util.stream.AbstractPipeline.copyIntoWithCancel(Ljava/util/stream/Sink;Ljava/util/Spliterator;)V @ 24
Event: 5.528 Thread 0x00007fb4bc88c800 Uncommon trap: reason=class_check action=maybe_recompile pc=0x00000001125e3ef0 method=java.util.stream.ReferencePipeline.forEachWithCancel(Ljava/util/Spliterator;Ljava/util/stream/Sink;)V @ 1
Event: 5.728 Thread 0x00007fb4bc88c800 Uncommon trap: reason=unstable_if action=reinterpret pc=0x00000001126888ec method=com.badlogic.gdx.math.Rectangle.overlaps(Lcom/badlogic/gdx/math/Rectangle;)Z @ 14
Event: 5.795 Thread 0x00007fb4bc88c800 Uncommon trap: reason=class_check action=maybe_recompile pc=0x00000001125f7350 method=java.util.stream.AbstractPipeline.copyIntoWithCancel(Ljava/util/stream/Sink;Ljava/util/Spliterator;)V @ 24

Internal exceptions (10 events):
Event: 0.772 Thread 0x00007fb4bb801800 Exception <a 'java/security/PrivilegedActionException'> (0x000000076bd07dc8) thrown at [/Users/java_re/workspace/8-2-build-macosx-x86_64/jdk8u102/7268/hotspot/src/share/vm/prims/jvm.cpp, line 1386]
Event: 0.772 Thread 0x00007fb4bb801800 Exception <a 'java/security/PrivilegedActionException'> (0x000000076bd08ee8) thrown at [/Users/java_re/workspace/8-2-build-macosx-x86_64/jdk8u102/7268/hotspot/src/share/vm/prims/jvm.cpp, line 1386]
Event: 0.773 Thread 0x00007fb4bb801800 Exception <a 'java/security/PrivilegedActionException'> (0x000000076bd0e008) thrown at [/Users/java_re/workspace/8-2-build-macosx-x86_64/jdk8u102/7268/hotspot/src/share/vm/prims/jvm.cpp, line 1386]
Event: 0.773 Thread 0x00007fb4bb801800 Exception <a 'java/security/PrivilegedActionException'> (0x000000076bd0ec60) thrown at [/Users/java_re/workspace/8-2-build-macosx-x86_64/jdk8u102/7268/hotspot/src/share/vm/prims/jvm.cpp, line 1386]
Event: 0.773 Thread 0x00007fb4bb801800 Exception <a 'java/security/PrivilegedActionException'> (0x000000076bd0f888) thrown at [/Users/java_re/workspace/8-2-build-macosx-x86_64/jdk8u102/7268/hotspot/src/share/vm/prims/jvm.cpp, line 1386]
Event: 1.659 Thread 0x00007fb4bc88c800 Exception <a 'java/lang/ArrayIndexOutOfBoundsException'> (0x000000076d41b078) thrown at [/Users/java_re/workspace/8-2-build-macosx-x86_64/jdk8u102/7268/hotspot/src/share/vm/runtime/sharedRuntime.cpp, line 605]
Event: 1.659 Thread 0x00007fb4bc88c800 Exception <a 'java/lang/ArrayIndexOutOfBoundsException'> (0x000000076d41c4f0) thrown at [/Users/java_re/workspace/8-2-build-macosx-x86_64/jdk8u102/7268/hotspot/src/share/vm/runtime/sharedRuntime.cpp, line 605]
Event: 1.660 Thread 0x00007fb4bc88c800 Exception <a 'java/lang/ArrayIndexOutOfBoundsException'> (0x000000076d425c78) thrown at [/Users/java_re/workspace/8-2-build-macosx-x86_64/jdk8u102/7268/hotspot/src/share/vm/runtime/sharedRuntime.cpp, line 605]
Event: 1.660 Thread 0x00007fb4bc88c800 Exception <a 'java/lang/ArrayIndexOutOfBoundsException'> (0x000000076d4272c0) thrown at [/Users/java_re/workspace/8-2-build-macosx-x86_64/jdk8u102/7268/hotspot/src/share/vm/runtime/sharedRuntime.cpp, line 605]
Event: 1.660 Thread 0x00007fb4bc88c800 Exception <a 'java/lang/ArrayIndexOutOfBoundsException'> (0x000000076d428c80) thrown at [/Users/java_re/workspace/8-2-build-macosx-x86_64/jdk8u102/7268/hotspot/src/share/vm/runtime/sharedRuntime.cpp, line 605]

Events (10 events):
Event: 9.196 loading class com/badlogic/gdx/backends/lwjgl/LwjglInput$TouchEvent
Event: 9.196 loading class com/badlogic/gdx/backends/lwjgl/LwjglInput$TouchEvent done
Event: 9.995 Executing VM operation: ParallelGCFailedAllocation
Event: 9.999 Executing VM operation: ParallelGCFailedAllocation done
Event: 9.999 Executing VM operation: RevokeBias
Event: 9.999 Executing VM operation: RevokeBias done
Event: 10.896 loading class com/badlogic/gdx/backends/lwjgl/LwjglApplication$2
Event: 10.896 loading class com/badlogic/gdx/backends/lwjgl/LwjglApplication$2 done
Event: 10.940 loading class org/lwjgl/opengl/CallbackUtil
Event: 10.940 loading class org/lwjgl/opengl/CallbackUtil done


Dynamic libraries:
0x000000000add8000 	/System/Library/Frameworks/Cocoa.framework/Versions/A/Cocoa
0x000000000add8000 	/System/Library/Frameworks/Security.framework/Versions/A/Security
0x000000000add8000 	/System/Library/Frameworks/ApplicationServices.framework/Versions/A/ApplicationServices
0x000000000add8000 	/usr/lib/libz.1.dylib
0x000000000add8000 	/usr/lib/libSystem.B.dylib
0x000000000add8000 	/usr/lib/libobjc.A.dylib
0x000000000add8000 	/System/Library/Frameworks/CoreFoundation.framework/Versions/A/CoreFoundation
0x000000000add8000 	/System/Library/Frameworks/Foundation.framework/Versions/C/Foundation
0x000000000add8000 	/System/Library/Frameworks/AppKit.framework/Versions/C/AppKit
0x000000000add8000 	/System/Library/Frameworks/CoreData.framework/Versions/A/CoreData
0x000000000add8000 	/System/Library/PrivateFrameworks/RemoteViewServices.framework/Versions/A/RemoteViewServices
0x000000000add8000 	/System/Library/PrivateFrameworks/UIFoundation.framework/Versions/A/UIFoundation
0x000000000add8000 	/usr/lib/libScreenReader.dylib
0x000000000add8000 	/System/Library/Frameworks/Accelerate.framework/Versions/A/Accelerate
0x000000000add8000 	/System/Library/Frameworks/IOSurface.framework/Versions/A/IOSurface
0x000000000add8000 	/System/Library/Frameworks/AudioToolbox.framework/Versions/A/AudioToolbox
0x000000000add8000 	/System/Library/Frameworks/AudioUnit.framework/Versions/A/AudioUnit
0x000000000add8000 	/System/Library/PrivateFrameworks/DataDetectorsCore.framework/Versions/A/DataDetectorsCore
0x000000000add8000 	/System/Library/PrivateFrameworks/DesktopServicesPriv.framework/Versions/A/DesktopServicesPriv
0x000000000add8000 	/System/Library/Frameworks/Carbon.framework/Versions/A/Frameworks/HIToolbox.framework/Versions/A/HIToolbox
0x000000000add8000 	/System/Library/Frameworks/QuartzCore.framework/Versions/A/QuartzCore
0x000000000add8000 	/System/Library/Frameworks/Carbon.framework/Versions/A/Frameworks/SpeechRecognition.framework/Versions/A/SpeechRecognition
0x000000000add8000 	/usr/lib/libauto.dylib
0x000000000add8000 	/usr/lib/libicucore.A.dylib
0x000000000add8000 	/usr/lib/libxml2.2.dylib
0x000000000add8000 	/System/Library/PrivateFrameworks/CoreUI.framework/Versions/A/CoreUI
0x000000000add8000 	/System/Library/Frameworks/CoreAudio.framework/Versions/A/CoreAudio
0x000000000add8000 	/System/Library/Frameworks/DiskArbitration.framework/Versions/A/DiskArbitration
0x000000000add8000 	/usr/lib/liblangid.dylib
0x000000000add8000 	/System/Library/PrivateFrameworks/MultitouchSupport.framework/Versions/A/MultitouchSupport
0x000000000add8000 	/System/Library/Frameworks/IOKit.framework/Versions/A/IOKit
0x000000000add8000 	/usr/lib/libDiagnosticMessagesClient.dylib
0x000000000add8000 	/System/Library/Frameworks/CoreServices.framework/Versions/A/CoreServices
0x000000000add8000 	/System/Library/PrivateFrameworks/PerformanceAnalysis.framework/Versions/A/PerformanceAnalysis
0x000000000add8000 	/System/Library/PrivateFrameworks/GenerationalStorage.framework/Versions/A/GenerationalStorage
0x000000000add8000 	/System/Library/Frameworks/OpenGL.framework/Versions/A/OpenGL
0x000000000add8000 	/System/Library/PrivateFrameworks/Sharing.framework/Versions/A/Sharing
0x000000000add8000 	/System/Library/Frameworks/CoreGraphics.framework/Versions/A/CoreGraphics
0x000000000add8000 	/System/Library/Frameworks/CoreImage.framework/Versions/A/CoreImage
0x000000000add8000 	/System/Library/Frameworks/CoreText.framework/Versions/A/CoreText
0x000000000add8000 	/System/Library/Frameworks/ImageIO.framework/Versions/A/ImageIO
0x000000000add8000 	/System/Library/PrivateFrameworks/Backup.framework/Versions/A/Backup
0x000000000add8000 	/usr/lib/libextension.dylib
0x000000000add8000 	/usr/lib/libarchive.2.dylib
0x000000000add8000 	/System/Library/Frameworks/CFNetwork.framework/Versions/A/CFNetwork
0x000000000add8000 	/System/Library/Frameworks/SystemConfiguration.framework/Versions/A/SystemConfiguration
0x000000000add8000 	/usr/lib/libCRFSuite.dylib
0x000000000add8000 	/usr/lib/libc++.1.dylib
0x000000000add8000 	/usr/lib/libc++abi.dylib
0x000000000add8000 	/usr/lib/system/libcache.dylib
0x000000000add8000 	/usr/lib/system/libcommonCrypto.dylib
0x000000000add8000 	/usr/lib/system/libcompiler_rt.dylib
0x000000000add8000 	/usr/lib/system/libcopyfile.dylib
0x000000000add8000 	/usr/lib/system/libcorecrypto.dylib
0x000000000add8000 	/usr/lib/system/libdispatch.dylib
0x000000000add8000 	/usr/lib/system/libdyld.dylib
0x000000000add8000 	/usr/lib/system/libkeymgr.dylib
0x000000000add8000 	/usr/lib/system/liblaunch.dylib
0x000000000add8000 	/usr/lib/system/libmacho.dylib
0x000000000add8000 	/usr/lib/system/libquarantine.dylib
0x000000000add8000 	/usr/lib/system/libremovefile.dylib
0x000000000add8000 	/usr/lib/system/libsystem_asl.dylib
0x000000000add8000 	/usr/lib/system/libsystem_blocks.dylib
0x000000000add8000 	/usr/lib/system/libsystem_c.dylib
0x000000000add8000 	/usr/lib/system/libsystem_configuration.dylib
0x000000000add8000 	/usr/lib/system/libsystem_coreservices.dylib
0x000000000add8000 	/usr/lib/system/libsystem_coretls.dylib
0x000000000add8000 	/usr/lib/system/libsystem_dnssd.dylib
0x000000000add8000 	/usr/lib/system/libsystem_info.dylib
0x000000000add8000 	/usr/lib/system/libsystem_kernel.dylib
0x000000000add8000 	/usr/lib/system/libsystem_m.dylib
0x000000000add8000 	/usr/lib/system/libsystem_malloc.dylib
0x000000000add8000 	/usr/lib/system/libsystem_network.dylib
0x000000000add8000 	/usr/lib/system/libsystem_networkextension.dylib
0x000000000add8000 	/usr/lib/system/libsystem_notify.dylib
0x000000000add8000 	/usr/lib/system/libsystem_platform.dylib
0x000000000add8000 	/usr/lib/system/libsystem_pthread.dylib
0x000000000add8000 	/usr/lib/system/libsystem_sandbox.dylib
0x000000000add8000 	/usr/lib/system/libsystem_secinit.dylib
0x000000000add8000 	/usr/lib/system/libsystem_trace.dylib
0x000000000add8000 	/usr/lib/system/libunc.dylib
0x000000000add8000 	/usr/lib/system/libunwind.dylib
0x000000000add8000 	/usr/lib/system/libxpc.dylib
0x000000000add8000 	/usr/lib/libenergytrace.dylib
0x000000000add8000 	/usr/lib/libbsm.0.dylib
0x000000000add8000 	/usr/lib/system/libkxld.dylib
0x000000000add8000 	/usr/lib/libxar.1.dylib
0x000000000add8000 	/usr/lib/libsqlite3.dylib
0x000000000add8000 	/usr/lib/libpam.2.dylib
0x000000000add8000 	/usr/lib/libOpenScriptingUtil.dylib
0x000000000add8000 	/usr/lib/libbz2.1.0.dylib
0x000000000add8000 	/usr/lib/liblzma.5.dylib
0x000000000add8000 	/System/Library/Frameworks/CoreServices.framework/Versions/A/Frameworks/FSEvents.framework/Versions/A/FSEvents
0x000000000add8000 	/System/Library/Frameworks/CoreServices.framework/Versions/A/Frameworks/CarbonCore.framework/Versions/A/CarbonCore
0x000000000add8000 	/System/Library/Frameworks/CoreServices.framework/Versions/A/Frameworks/Metadata.framework/Versions/A/Metadata
0x000000000add8000 	/System/Library/Frameworks/CoreServices.framework/Versions/A/Frameworks/OSServices.framework/Versions/A/OSServices
0x000000000add8000 	/System/Library/Frameworks/CoreServices.framework/Versions/A/Frameworks/SearchKit.framework/Versions/A/SearchKit
0x000000000add8000 	/System/Library/Frameworks/CoreServices.framework/Versions/A/Frameworks/AE.framework/Versions/A/AE
0x000000000add8000 	/System/Library/Frameworks/CoreServices.framework/Versions/A/Frameworks/LaunchServices.framework/Versions/A/LaunchServices
0x000000000add8000 	/System/Library/Frameworks/CoreServices.framework/Versions/A/Frameworks/DictionaryServices.framework/Versions/A/DictionaryServices
0x000000000add8000 	/System/Library/Frameworks/CoreServices.framework/Versions/A/Frameworks/SharedFileList.framework/Versions/A/SharedFileList
0x000000000add8000 	/System/Library/Frameworks/NetFS.framework/Versions/A/NetFS
0x000000000add8000 	/System/Library/PrivateFrameworks/NetAuth.framework/Versions/A/NetAuth
0x000000000add8000 	/System/Library/PrivateFrameworks/login.framework/Versions/A/Frameworks/loginsupport.framework/Versions/A/loginsupport
0x000000000add8000 	/System/Library/PrivateFrameworks/TCC.framework/Versions/A/TCC
0x000000000add8000 	/usr/lib/libmecabra.dylib
0x000000000add8000 	/System/Library/Frameworks/ApplicationServices.framework/Versions/A/Frameworks/ATS.framework/Versions/A/ATS
0x000000000add8000 	/System/Library/Frameworks/ApplicationServices.framework/Versions/A/Frameworks/ColorSync.framework/Versions/A/ColorSync
0x000000000add8000 	/System/Library/Frameworks/ApplicationServices.framework/Versions/A/Frameworks/HIServices.framework/Versions/A/HIServices
0x000000000add8000 	/System/Library/Frameworks/ApplicationServices.framework/Versions/A/Frameworks/LangAnalysis.framework/Versions/A/LangAnalysis
0x000000000add8000 	/System/Library/Frameworks/ApplicationServices.framework/Versions/A/Frameworks/PrintCore.framework/Versions/A/PrintCore
0x000000000add8000 	/System/Library/Frameworks/ApplicationServices.framework/Versions/A/Frameworks/QD.framework/Versions/A/QD
0x000000000add8000 	/System/Library/Frameworks/ApplicationServices.framework/Versions/A/Frameworks/SpeechSynthesis.framework/Versions/A/SpeechSynthesis
0x000000000add8000 	/System/Library/Frameworks/Metal.framework/Versions/A/Metal
0x000000000add8000 	/System/Library/Frameworks/Accelerate.framework/Versions/A/Frameworks/vImage.framework/Versions/A/vImage
0x000000000add8000 	/System/Library/Frameworks/Accelerate.framework/Versions/A/Frameworks/vecLib.framework/Versions/A/vecLib
0x000000000add8000 	/System/Library/Frameworks/Accelerate.framework/Versions/A/Frameworks/vecLib.framework/Versions/A/libvDSP.dylib
0x000000000add8000 	/System/Library/Frameworks/Accelerate.framework/Versions/A/Frameworks/vecLib.framework/Versions/A/libvMisc.dylib
0x000000000add8000 	/System/Library/Frameworks/Accelerate.framework/Versions/A/Frameworks/vecLib.framework/Versions/A/libLAPACK.dylib
0x000000000add8000 	/System/Library/Frameworks/Accelerate.framework/Versions/A/Frameworks/vecLib.framework/Versions/A/libBLAS.dylib
0x000000000add8000 	/System/Library/Frameworks/Accelerate.framework/Versions/A/Frameworks/vecLib.framework/Versions/A/libLinearAlgebra.dylib
0x000000000add8000 	/System/Library/Frameworks/Accelerate.framework/Versions/A/Frameworks/vecLib.framework/Versions/A/libSparseBLAS.dylib
0x000000000add8000 	/System/Library/PrivateFrameworks/GPUCompiler.framework/libmetal_timestamp.dylib
0x000000000add8000 	/System/Library/Frameworks/OpenGL.framework/Versions/A/Libraries/libCoreFSCache.dylib
0x000000000add8000 	/System/Library/PrivateFrameworks/IOAccelerator.framework/Versions/A/IOAccelerator
0x000000000add8000 	/System/Library/Frameworks/ApplicationServices.framework/Versions/A/Frameworks/ATS.framework/Versions/A/Resources/libFontParser.dylib
0x000000000add8000 	/System/Library/Frameworks/ApplicationServices.framework/Versions/A/Frameworks/ATS.framework/Versions/A/Resources/libFontRegistry.dylib
0x000000000add8000 	/System/Library/PrivateFrameworks/AppleVPA.framework/Versions/A/AppleVPA
0x000000000add8000 	/System/Library/PrivateFrameworks/AppleJPEG.framework/Versions/A/AppleJPEG
0x000000000add8000 	/System/Library/Frameworks/ImageIO.framework/Versions/A/Resources/libJPEG.dylib
0x000000000add8000 	/System/Library/Frameworks/ImageIO.framework/Versions/A/Resources/libTIFF.dylib
0x000000000add8000 	/System/Library/Frameworks/ImageIO.framework/Versions/A/Resources/libPng.dylib
0x000000000add8000 	/System/Library/Frameworks/ImageIO.framework/Versions/A/Resources/libGIF.dylib
0x000000000add8000 	/System/Library/Frameworks/ImageIO.framework/Versions/A/Resources/libJP2.dylib
0x000000000add8000 	/System/Library/Frameworks/ImageIO.framework/Versions/A/Resources/libRadiance.dylib
0x000000000add8000 	/System/Library/Frameworks/CoreVideo.framework/Versions/A/CoreVideo
0x000000000add8000 	/System/Library/Frameworks/OpenGL.framework/Versions/A/Libraries/libGLU.dylib
0x000000000add8000 	/System/Library/Frameworks/OpenGL.framework/Versions/A/Libraries/libGFXShared.dylib
0x000000000add8000 	/System/Library/Frameworks/OpenGL.framework/Versions/A/Libraries/libGL.dylib
0x000000000add8000 	/System/Library/Frameworks/OpenGL.framework/Versions/A/Libraries/libGLImage.dylib
0x000000000add8000 	/System/Library/Frameworks/OpenGL.framework/Versions/A/Libraries/libCVMSPluginSupport.dylib
0x000000000add8000 	/System/Library/Frameworks/OpenGL.framework/Versions/A/Libraries/libCoreVMClient.dylib
0x000000000add8000 	/usr/lib/libcompression.dylib
0x000000000add8000 	/usr/lib/libcups.2.dylib
0x000000000add8000 	/System/Library/Frameworks/Kerberos.framework/Versions/A/Kerberos
0x000000000add8000 	/System/Library/Frameworks/GSS.framework/Versions/A/GSS
0x000000000add8000 	/usr/lib/libresolv.9.dylib
0x000000000add8000 	/usr/lib/libiconv.2.dylib
0x000000000add8000 	/System/Library/PrivateFrameworks/Heimdal.framework/Versions/A/Heimdal
0x000000000add8000 	/usr/lib/libheimdal-asn1.dylib
0x000000000add8000 	/System/Library/Frameworks/OpenDirectory.framework/Versions/A/OpenDirectory
0x000000000add8000 	/System/Library/PrivateFrameworks/CommonAuth.framework/Versions/A/CommonAuth
0x000000000add8000 	/System/Library/Frameworks/OpenDirectory.framework/Versions/A/Frameworks/CFOpenDirectory.framework/Versions/A/CFOpenDirectory
0x000000000add8000 	/System/Library/Frameworks/SecurityFoundation.framework/Versions/A/SecurityFoundation
0x000000000add8000 	/System/Library/PrivateFrameworks/LanguageModeling.framework/Versions/A/LanguageModeling
0x000000000add8000 	/usr/lib/libmarisa.dylib
0x000000000add8000 	/usr/lib/libChineseTokenizer.dylib
0x000000000add8000 	/usr/lib/libcmph.dylib
0x000000000add8000 	/System/Library/Frameworks/ServiceManagement.framework/Versions/A/ServiceManagement
0x000000000add8000 	/usr/lib/libxslt.1.dylib
0x000000000add8000 	/System/Library/Frameworks/Carbon.framework/Versions/A/Frameworks/Ink.framework/Versions/A/Ink
0x000000000add8000 	/usr/lib/libFosl_dynamic.dylib
0x000000000add8000 	/System/Library/PrivateFrameworks/FaceCore.framework/Versions/A/FaceCore
0x000000000add8000 	/System/Library/Frameworks/OpenCL.framework/Versions/A/OpenCL
0x000000000add8000 	/System/Library/PrivateFrameworks/CrashReporterSupport.framework/Versions/A/CrashReporterSupport
0x000000000add8000 	/System/Library/PrivateFrameworks/IconServices.framework/Versions/A/IconServices
0x000000000add8000 	/System/Library/PrivateFrameworks/Apple80211.framework/Versions/A/Apple80211
0x000000000add8000 	/System/Library/Frameworks/CoreWLAN.framework/Versions/A/CoreWLAN
0x000000000add8000 	/System/Library/Frameworks/IOBluetooth.framework/Versions/A/IOBluetooth
0x000000000add8000 	/System/Library/PrivateFrameworks/CoreWiFi.framework/Versions/A/CoreWiFi
0x000000000add8000 	/System/Library/Frameworks/CoreBluetooth.framework/Versions/A/CoreBluetooth
0x000000000add8000 	/System/Library/PrivateFrameworks/ChunkingLibrary.framework/Versions/A/ChunkingLibrary
0x000000000add8000 	/System/Library/PrivateFrameworks/DebugSymbols.framework/Versions/A/DebugSymbols
0x000000000add8000 	/System/Library/PrivateFrameworks/CoreSymbolication.framework/Versions/A/CoreSymbolication
0x000000000add8000 	/System/Library/PrivateFrameworks/Symbolication.framework/Versions/A/Symbolication
0x000000000add8000 	/System/Library/PrivateFrameworks/SpeechRecognitionCore.framework/Versions/A/SpeechRecognitionCore
0x0000000111200000 	/Library/Java/JavaVirtualMachines/jdk1.8.0_102.jdk/Contents/Home/jre/lib/server/libjvm.dylib
0x000000000add8000 	/usr/lib/libstdc++.6.dylib
0x00000001100bf000 	/Library/Java/JavaVirtualMachines/jdk1.8.0_102.jdk/Contents/Home/jre/lib/libverify.dylib
0x00000001100cd000 	/Library/Java/JavaVirtualMachines/jdk1.8.0_102.jdk/Contents/Home/jre/lib/libjava.dylib
0x000000011010c000 	/Library/Java/JavaVirtualMachines/jdk1.8.0_102.jdk/Contents/Home/jre/lib/libzip.dylib
0x000000012d184000 	/System/Library/Frameworks/JavaVM.framework/Frameworks/JavaRuntimeSupport.framework/JavaRuntimeSupport
0x00000001101e9000 	/System/Library/Frameworks/JavaVM.framework/Versions/A/Frameworks/JavaNativeFoundation.framework/Versions/A/JavaNativeFoundation
0x000000012d19f000 	/System/Library/Frameworks/JavaVM.framework/Versions/A/JavaVM
0x000000000add8000 	/System/Library/Frameworks/Carbon.framework/Versions/A/Carbon
0x000000012d1ac000 	/System/Library/PrivateFrameworks/JavaLaunching.framework/Versions/A/JavaLaunching
0x000000000add8000 	/System/Library/Frameworks/Carbon.framework/Versions/A/Frameworks/CommonPanels.framework/Versions/A/CommonPanels
0x000000000add8000 	/System/Library/Frameworks/Carbon.framework/Versions/A/Frameworks/Help.framework/Versions/A/Help
0x000000000add8000 	/System/Library/Frameworks/Carbon.framework/Versions/A/Frameworks/ImageCapture.framework/Versions/A/ImageCapture
0x000000000add8000 	/System/Library/Frameworks/Carbon.framework/Versions/A/Frameworks/OpenScripting.framework/Versions/A/OpenScripting
0x000000000add8000 	/System/Library/Frameworks/Carbon.framework/Versions/A/Frameworks/Print.framework/Versions/A/Print
0x000000000add8000 	/System/Library/Frameworks/Carbon.framework/Versions/A/Frameworks/SecurityHI.framework/Versions/A/SecurityHI
0x000000012ec6d000 	/Applications/IntelliJ IDEA CE.app/Contents/bin/libbreakgen64.jnilib
0x000000012ec70000 	/Library/Java/JavaVirtualMachines/jdk1.8.0_102.jdk/Contents/Home/jre/lib/libnet.dylib
0x000000012eeb4000 	/private/var/folders/jq/wx73dpvs2kl7337zynd6nxph0000gr/T/libgdxjacobcaban-tomski/d8ae55ed/libgdx64.dylib
0x000000012f118000 	/Library/Java/JavaVirtualMachines/jdk1.8.0_102.jdk/Contents/Home/jre/lib/libawt.dylib
0x000000012f1c0000 	/Library/Java/JavaVirtualMachines/jdk1.8.0_102.jdk/Contents/Home/jre/lib/./libmlib_image.dylib
0x000000012f28c000 	/Library/Java/JavaVirtualMachines/jdk1.8.0_102.jdk/Contents/Home/jre/lib/libawt_lwawt.dylib
0x000000012ecf1000 	/Library/Java/JavaVirtualMachines/jdk1.8.0_102.jdk/Contents/Home/jre/lib/./libosxapp.dylib
0x000000000add8000 	/System/Library/Frameworks/ExceptionHandling.framework/Versions/A/ExceptionHandling
0x000000000add8000 	/System/Library/PrivateFrameworks/CoreServicesInternal.framework/Versions/A/CoreServicesInternal
0x000000000add8000 	/System/Library/Frameworks/CoreGraphics.framework/Versions/A/Resources/libRIP.A.dylib
0x000000000add8000 	/System/Library/Frameworks/Accelerate.framework/Versions/A/Frameworks/vImage.framework/Versions/A/Libraries/libCGInterfaces.dylib
0x000000000add8000 	/System/Library/Frameworks/CoreGraphics.framework/Versions/A/Resources/libCGXType.A.dylib
0x000000000add8000 	/System/Library/Frameworks/OpenCL.framework/Versions/A/Libraries/libcldcpuengine.dylib
0x000000000add8000 	/System/Library/PrivateFrameworks/DiskImages.framework/Versions/A/DiskImages
0x000000000add8000 	/System/Library/Frameworks/DiscRecording.framework/Versions/A/DiscRecording
0x000000000add8000 	/usr/lib/libcsfde.dylib
0x000000000add8000 	/usr/lib/libcurl.4.dylib
0x000000000add8000 	/System/Library/PrivateFrameworks/MediaKit.framework/Versions/A/MediaKit
0x000000000add8000 	/System/Library/PrivateFrameworks/ProtectedCloudStorage.framework/Versions/A/ProtectedCloudStorage
0x000000000add8000 	/usr/lib/libCoreStorage.dylib
0x000000000add8000 	/System/Library/PrivateFrameworks/EFILogin.framework/Versions/A/EFILogin
0x000000000add8000 	/usr/lib/libutil.dylib
0x000000000add8000 	/System/Library/PrivateFrameworks/FindMyDevice.framework/Versions/A/FindMyDevice
0x000000000add8000 	/System/Library/Frameworks/LDAP.framework/Versions/A/LDAP
0x000000000add8000 	/usr/lib/libsasl2.2.dylib
0x000000000add8000 	/System/Library/PrivateFrameworks/CoreDaemon.framework/Versions/B/CoreDaemon
0x000000000add8000 	/usr/lib/libcrypto.0.9.8.dylib
0x000000000add8000 	/System/Library/PrivateFrameworks/AppleSRP.framework/Versions/A/AppleSRP
0x000000000add8000 	/System/Library/PrivateFrameworks/TrustEvaluationAgent.framework/Versions/A/TrustEvaluationAgent
0x000000012ed7e000 	cl_kernels
0x000000000add8000 	/System/Library/Frameworks/OpenCL.framework/Versions/A/Libraries/ImageFormats/unorm8_bgra.dylib
0x000000000add8000 	/System/Library/Frameworks/OpenCL.framework/Versions/A/Libraries/ImageFormats/unorm8_rgba.dylib
0x000000000add8000 	/System/Library/PrivateFrameworks/FamilyControls.framework/Versions/A/FamilyControls
0x000000000add8000 	/System/Library/PrivateFrameworks/CommerceKit.framework/Versions/A/Frameworks/CommerceCore.framework/Versions/A/CommerceCore
0x000000000add8000 	/System/Library/PrivateFrameworks/SystemAdministration.framework/Versions/A/SystemAdministration
0x000000000add8000 	/System/Library/PrivateFrameworks/AppContainer.framework/Versions/A/AppContainer
0x000000000add8000 	/System/Library/PrivateFrameworks/SecCodeWrapper.framework/Versions/A/SecCodeWrapper
0x000000000add8000 	/System/Library/Frameworks/DirectoryService.framework/Versions/A/DirectoryService
0x000000000add8000 	/System/Library/PrivateFrameworks/LoginUIKit.framework/Versions/A/Frameworks/LoginUICore.framework/Versions/A/LoginUICore
0x000000000add8000 	/usr/lib/libodfde.dylib
0x000000012ed82000 	/Library/Java/JavaVirtualMachines/jdk1.8.0_102.jdk/Contents/Home/jre/lib/libfontmanager.dylib
0x0000000132163000 	/private/var/folders/jq/wx73dpvs2kl7337zynd6nxph0000gr/T/libgdxjacobcaban-tomski/f7649394/liblwjgl.dylib
0x000000012ede9000 	/Library/Java/JavaVirtualMachines/jdk1.8.0_102.jdk/Contents/Home/jre/lib/libjawt.dylib
0x00000001321e5000 	/var/folders/jq/wx73dpvs2kl7337zynd6nxph0000gr/T/libgdxjacobcaban-tomski/f7649394/openal.dylib
0x0000000132241000 	/System/Library/Components/CoreAudio.component/Contents/MacOS/CoreAudio
0x000000013048a000 	/System/Library/Extensions/AppleHDA.kext/Contents/PlugIns/AppleHDAHALPlugIn.bundle/Contents/MacOS/AppleHDAHALPlugIn
0x000000000add8000 	/System/Library/Frameworks/OpenGL.framework/Versions/A/Resources/GLEngine.bundle/GLEngine
0x000000000add8000 	/System/Library/Frameworks/OpenGL.framework/Versions/A/Libraries/libGLProgrammability.dylib
0x0000000132407000 	/System/Library/Extensions/AppleIntelHD5000GraphicsGLDriver.bundle/Contents/MacOS/AppleIntelHD5000GraphicsGLDriver
0x000000000add8000 	/System/Library/PrivateFrameworks/GPUSupport.framework/Versions/A/Libraries/libGPUSupportMercury.dylib
0x000000000add8000 	/System/Library/Frameworks/OpenGL.framework/Versions/A/Resources/GLRendererFloat.bundle/GLRendererFloat

VM Arguments:
jvm_args: -Didea.launcher.port=7541 -Didea.launcher.bin.path=/Applications/IntelliJ IDEA CE.app/Contents/bin -Dfile.encoding=UTF-8 
java_command: com.intellij.rt.execution.application.AppMain com.bitdecay.game.Launcher dev
java_class_path (initial): /Library/Java/JavaVirtualMachines/jdk1.8.0_102.jdk/Contents/Home/jre/lib/charsets.jar:/Library/Java/JavaVirtualMachines/jdk1.8.0_102.jdk/Contents/Home/jre/lib/deploy.jar:/Library/Java/JavaVirtualMachines/jdk1.8.0_102.jdk/Contents/Home/jre/lib/ext/cldrdata.jar:/Library/Java/JavaVirtualMachines/jdk1.8.0_102.jdk/Contents/Home/jre/lib/ext/dnsns.jar:/Library/Java/JavaVirtualMachines/jdk1.8.0_102.jdk/Contents/Home/jre/lib/ext/jaccess.jar:/Library/Java/JavaVirtualMachines/jdk1.8.0_102.jdk/Contents/Home/jre/lib/ext/jfxrt.jar:/Library/Java/JavaVirtualMachines/jdk1.8.0_102.jdk/Contents/Home/jre/lib/ext/localedata.jar:/Library/Java/JavaVirtualMachines/jdk1.8.0_102.jdk/Contents/Home/jre/lib/ext/nashorn.jar:/Library/Java/JavaVirtualMachines/jdk1.8.0_102.jdk/Contents/Home/jre/lib/ext/sunec.jar:/Library/Java/JavaVirtualMachines/jdk1.8.0_102.jdk/Contents/Home/jre/lib/ext/sunjce_provider.jar:/Library/Java/JavaVirtualMachines/jdk1.8.0_102.jdk/Contents/Home/jre/lib/ext/sunpkcs11.jar:/Library/Java/JavaVirtualMachines/jdk1.8.0_102.jdk/Contents/Home/jre/lib/ext/zipfs.jar:/Library/Java/JavaVirtualMachines/jdk1.8.0_102.jdk/Contents/Home/jre/lib/javaws.jar:/Library/Java/JavaVirtualMachines/jdk1.8.0_102.jdk/Contents/Home/jre/lib/jce.jar:/Library/Java/JavaVirtualMachines/jdk1.8.0_102.jdk/Contents/Home/jre/lib/jfr.jar:/Library/Java/JavaVirtualMachines/jdk1.8.0_102.jdk/Contents/Home/jre/lib/jfxswt.jar:/Library/Java/JavaVirtualMachines/jdk1.8.0_102.jdk/Contents/Home/jre/lib/jsse.jar:/Library/Java/JavaVirtualMachines/jdk1.8.0_102.jdk/Contents/Home/jre/lib/management-agent.jar:/Library/Java/JavaVirtualMachines/jdk1.8.0_102.jdk/Contents/Home/jre/lib/plugin.jar:/Library/Java/JavaVirtualMachines/jdk1.8.0_102.jdk/Contents/Home/jre/lib/resources.jar:/Library/Java/JavaVirtualMachines/jdk1.8.0_102.jdk/Contents/Home/jre/lib/rt.jar:/Library/Java/JavaVirtualMachines/jdk1.8.0_102.jdk/Contents/Home/lib/ant-javafx.jar:/Library/Java/JavaVirtualMachines/jdk1.8.0_102.jdk/Contents/Home
Launcher Type: SUN_STANDARD

Environment Variables:
PATH=/usr/local/Caskroom/google-cloud-sdk/latest/google-cloud-sdk/bin:/Users/jacobcaban-tomski/.rvm/gems/ruby-2.3.1/bin:/Users/jacobcaban-tomski/.rvm/gems/ruby-2.3.1@global/bin:/Users/jacobcaban-tomski/.rvm/rubies/ruby-2.3.1/bin:/Users/jacobcaban-tomski/.nvm/versions/node/v6.9.1/bin:/usr/local/bin:/usr/local/bin:/usr/bin:/bin:/usr/sbin:/sbin:/Users/jacobcaban-tomski/.rvm/bin
SHELL=/bin/bash

Signal Handlers:
SIGSEGV: [libjvm.dylib+0x5b0579], sa_mask[0]=11111111011111110111111111111111, sa_flags=SA_ONSTACK|SA_RESTART|SA_SIGINFO
SIGBUS: [libjvm.dylib+0x5b0579], sa_mask[0]=11111111011111110111111111111111, sa_flags=SA_RESTART|SA_SIGINFO
SIGFPE: [libjvm.dylib+0x4874e4], sa_mask[0]=11111111011111110111111111111111, sa_flags=SA_RESTART|SA_SIGINFO
SIGPIPE: [libjvm.dylib+0x4874e4], sa_mask[0]=11111111011111110111111111111111, sa_flags=SA_RESTART|SA_SIGINFO
SIGXFSZ: [libjvm.dylib+0x4874e4], sa_mask[0]=11111111011111110111111111111111, sa_flags=SA_RESTART|SA_SIGINFO
SIGILL: [libjvm.dylib+0x4874e4], sa_mask[0]=11111111011111110111111111111111, sa_flags=SA_RESTART|SA_SIGINFO
SIGUSR1: SIG_DFL, sa_mask[0]=00000000000000000000000000000000, sa_flags=none
SIGUSR2: [libjvm.dylib+0x487002], sa_mask[0]=00100000000000000000000000000000, sa_flags=SA_RESTART|SA_SIGINFO
SIGHUP: [libjvm.dylib+0x4855d9], sa_mask[0]=11111111011111110111111111111111, sa_flags=SA_RESTART|SA_SIGINFO
SIGINT: [libjvm.dylib+0x4855d9], sa_mask[0]=11111111011111110111111111111111, sa_flags=SA_RESTART|SA_SIGINFO
SIGTERM: [libjvm.dylib+0x4855d9], sa_mask[0]=11111111011111110111111111111111, sa_flags=SA_RESTART|SA_SIGINFO
SIGQUIT: [libjvm.dylib+0x4855d9], sa_mask[0]=11111111011111110111111111111111, sa_flags=SA_RESTART|SA_SIGINFO


---------------  S Y S T E M  ---------------

OS:Bsduname:Darwin 15.6.0 Darwin Kernel Version 15.6.0: Thu Sep  1 15:01:16 PDT 2016; root:xnu-3248.60.11~2/RELEASE_X86_64 x86_64
rlimit: STACK 8192k, CORE 0k, NPROC 709, NOFILE 10240, AS infinity
load average:3.96 3.29 2.88

CPU:total 8 (4 cores per cpu, 2 threads per core) family 6 model 70 stepping 1, cmov, cx8, fxsr, mmx, sse, sse2, sse3, ssse3, sse4.1, sse4.2, popcnt, avx, avx2, aes, clmul, erms, lzcnt, ht, tsc, tscinvbit, bmi1, bmi2

Memory: 4k page, physical 16777216k(181820k free)

/proc/meminfo:


vm_info: Java HotSpot(TM) 64-Bit Server VM (25.102-b14) for bsd-amd64 JRE (1.8.0_102-b14), built on Jun 22 2016 11:42:36 by "java_re" with gcc 4.2.1 (Based on Apple Inc. build 5658) (LLVM build 2336.11.00)

time: Sat Jan 21 22:57:23 2017
elapsed time: 10 seconds (0d 0h 0m 10s)

